This is XeTeXk, Version 3.141592-2.2-0.996 (Web2C 7.5.6) (format=xelatex 2014.1.31)  31 JAN 2014 22:06
entering extended mode
 %&-line parsing enabled.
**\makeatletter\def\HCode{\futurelet\HCode\HChar}\def\HChar{\ifx"\HCode\def\HCo
de"##1"{\Link##1}\expandafter\HCode\else\expandafter\Link\fi}\def\Link#1.a.b.c.
{\g@addto@macro\@documentclasshook{\RequirePackage[#1,html]{tex4ht}}\let\HCode\
documentstyle\def\documentstyle{\let\documentstyle\HCode\expandafter\def\csname
 tex4ht\endcsname{#1,html}\def\HCode####1{\documentstyle[tex4ht,}\@ifnextchar[{
\HCode}{\documentstyle[tex4ht]}}}\makeatother\HCode .a.b.c.\input  --version

! Emergency stop.
<*> ...\makeatother\HCode .a.b.c.\input  --version
                                                  
End of file on the terminal!

 
Here is how much of TeX's memory you used:
 5 strings out of 191470
 33 string characters out of 1925444
 46799 words of memory out of 1500000
 3290 multiletter control sequences out of 10000+200000
 3640 words of font info for 14 fonts, out of 1200000 for 2000
 605 hyphenation exceptions out of 8191
 4i,0n,3p,1b,8s stack positions out of 5000i,500n,6000p,200000b,15000s
No pages of output.
